#
# There is insufficient memory for the Java Runtime Environment to continue.
# Native memory allocation (malloc) failed to allocate 1048576 bytes for AllocateHeap
# Possible reasons:
#   The system is out of physical RAM or swap space
#   The process is running with CompressedOops enabled, and the Java Heap may be blocking the growth of the native heap
# Possible solutions:
#   Reduce memory load on the system
#   Increase physical memory or swap space
#   Check if swap backing store is full
#   Decrease Java heap size (-Xmx/-Xms)
#   Decrease number of Java threads
#   Decrease Java thread stack sizes (-Xss)
#   Set larger code cache with -XX:ReservedCodeCacheSize=
#   JVM is running with Unscaled Compressed Oops mode in which the Java heap is
#     placed in the first 4GB address space. The Java Heap base address is the
#     maximum limit for the native heap growth. Please use -XX:HeapBaseMinAddress
#     to set the Java Heap base and to place the Java Heap above 4GB virtual address.
# This output file may be truncated or incomplete.
#
#  Out of Memory Error (memory/allocation.inline.hpp:61), pid=28384, tid=0x0000000000007d78
#
# JRE version:  (8.0_261-b12) (build )
# Java VM: Java HotSpot(TM) 64-Bit Server VM (25.261-b12 mixed mode windows-amd64 compressed oops)
# Failed to write core dump. Minidumps are not enabled by default on client versions of Windows
#

---------------  T H R E A D  ---------------

Current thread (0x0000021fac37a800):  JavaThread "Unknown thread" [_thread_in_vm, id=32120, stack(0x0000008889600000,0x0000008889700000)]

Stack: [0x0000008889600000,0x0000008889700000]
Native frames: (J=compiled Java code, j=interpreted, Vv=VM code, C=native code)
V  [jvm.dll+0x33e5f9]
V  [jvm.dll+0x2850e2]
V  [jvm.dll+0x285d8d]
V  [jvm.dll+0x27c895]
V  [jvm.dll+0x1565d]
V  [jvm.dll+0x3d87f8]
V  [jvm.dll+0x3d94ea]
V  [jvm.dll+0x3d5557]
V  [jvm.dll+0x10c61f]
V  [jvm.dll+0x21a00b]
V  [jvm.dll+0x248687]
V  [jvm.dll+0x172116]
C  [java.exe+0x2312]
C  [java.exe+0x15f64]
C  [KERNEL32.DLL+0x17974]
C  [ntdll.dll+0x6a271]


---------------  P R O C E S S  ---------------

Java Threads: ( => current thread )

Other Threads:

=>0x0000021fac37a800 (exited) JavaThread "Unknown thread" [_thread_in_vm, id=32120, stack(0x0000008889600000,0x0000008889700000)]

VM state:not at safepoint (normal execution)

VM Mutex/Monitor currently owned by a thread: None

heap address: 0x0000000081400000, size: 2028 MB, Compressed Oops mode: 32-bit
Narrow klass base: 0x0000000000000000, Narrow klass shift: 3
Compressed class space size: 1073741824 Address: 0x0000000100000000

Heap:
 PSYoungGen      total 38400K, used 665K [0x00000000d5c00000, 0x00000000d8680000, 0x0000000100000000)
  eden space 33280K, 2% used [0x00000000d5c00000,0x00000000d5ca6670,0x00000000d7c80000)
  from space 5120K, 0% used [0x00000000d8180000,0x00000000d8180000,0x00000000d8680000)
  to   space 5120K, 0% used [0x00000000d7c80000,0x00000000d7c80000,0x00000000d8180000)
 ParOldGen       total 87552K, used 0K [0x0000000081400000, 0x0000000086980000, 0x00000000d5c00000)
  object space 87552K, 0% used [0x0000000081400000,0x0000000081400000,0x0000000086980000)
 Metaspace       used 776K, capacity 4480K, committed 4480K, reserved 1056768K
  class space    used 76K, capacity 384K, committed 384K, reserved 1048576K

Card table byte_map: [0x0000021fbd950000,0x0000021fbdd50000] byte_map_base: 0x0000021fbd546000

Marking Bits: (ParMarkBitMap*) 0x000000006ea84fb0
 Begin Bits: [0x0000021fbe000000, 0x0000021fbffb0000)
 End Bits:   [0x0000021fbffb0000, 0x0000021fc1f60000)

Polling page: 0x0000021fae0b0000

CodeCache: size=245760Kb used=328Kb max_used=328Kb free=245431Kb
 bounds [0x0000021fae590000, 0x0000021fae800000, 0x0000021fbd590000]
 total_blobs=58 nmethods=0 adapters=38
 compilation: enabled

Compilation events (0 events):
No events

GC Heap History (0 events):
No events

Deoptimization events (0 events):
No events

Classes redefined (0 events):
No events

Internal exceptions (0 events):
No events

Events (10 events):
Event: 0.055 loading class java/lang/Short
Event: 0.055 loading class java/lang/Short done
Event: 0.055 loading class java/lang/Integer
Event: 0.055 loading class java/lang/Integer done
Event: 0.055 loading class java/lang/Long
Event: 0.055 loading class java/lang/Long done
Event: 0.056 loading class java/lang/NullPointerException
Event: 0.056 loading class java/lang/NullPointerException done
Event: 0.056 loading class java/lang/ArithmeticException
Event: 0.056 loading class java/lang/ArithmeticException done


Dynamic libraries:
0x00007ff6dd300000 - 0x00007ff6dd347000 	C:\Program Files\Java\jdk1.8.0_261\bin\java.exe
0x00007ffd3bfe0000 - 0x00007ffd3c1cd000 	C:\Windows\SYSTEM32\ntdll.dll
0x00007ffd39660000 - 0x00007ffd39713000 	C:\Windows\System32\KERNEL32.DLL
0x00007ffd38bd0000 - 0x00007ffd38e64000 	C:\Windows\System32\KERNELBASE.dll
0x0000000072e00000 - 0x0000000072e93000 	C:\Windows\System32\SYSFER.DLL
0x00007ffd3b090000 - 0x00007ffd3b133000 	C:\Windows\System32\ADVAPI32.dll
0x00007ffd3bf10000 - 0x00007ffd3bfae000 	C:\Windows\System32\msvcrt.dll
0x00007ffd3b7c0000 - 0x00007ffd3b85e000 	C:\Windows\System32\sechost.dll
0x00007ffd3b3b0000 - 0x00007ffd3b4d2000 	C:\Windows\System32\RPCRT4.dll
0x00007ffd39280000 - 0x00007ffd39417000 	C:\Windows\System32\USER32.dll
0x00007ffd39010000 - 0x00007ffd39030000 	C:\Windows\System32\win32u.dll
0x00007ffd39720000 - 0x00007ffd39749000 	C:\Windows\System32\GDI32.dll
0x00007ffd38a30000 - 0x00007ffd38bcc000 	C:\Windows\System32\gdi32full.dll
0x00007ffd38f70000 - 0x00007ffd39010000 	C:\Windows\System32\msvcp_win.dll
0x00007ffd38e70000 - 0x00007ffd38f6a000 	C:\Windows\System32\ucrtbase.dll
0x00007ffd261d0000 - 0x00007ffd26449000 	C:\Windows\WinSxS\amd64_microsoft.windows.common-controls_6595b64144ccf1df_6.0.17763.1457_none_de7243e4534a70d1\COMCTL32.dll
0x00007ffd3ad60000 - 0x00007ffd3b08d000 	C:\Windows\System32\combase.dll
0x00007ffd39160000 - 0x00007ffd391de000 	C:\Windows\System32\bcryptPrimitives.dll
0x00007ffd39820000 - 0x00007ffd3984e000 	C:\Windows\System32\IMM32.DLL
0x00007ffd2afc0000 - 0x00007ffd2b051000 	C:\Windows\INCOPS3\esdcnl64.dll
0x00007ffd36fc0000 - 0x00007ffd36ff1000 	C:\Windows\SYSTEM32\ntmarta.dll
0x00007ffd19a80000 - 0x00007ffd19b7c000 	C:\Windows\INCOPS3\ESATM64.dll
0x00007ffd3bd90000 - 0x00007ffd3bee6000 	C:\Windows\System32\ole32.dll
0x00007ffd3b1d0000 - 0x00007ffd3b23d000 	C:\Windows\System32\WS2_32.dll
0x00007ffd2bae0000 - 0x00007ffd2baea000 	C:\Windows\SYSTEM32\VERSION.dll
0x00007ffd18f00000 - 0x00007ffd18f89000 	C:\Windows\INCOPS3\ESSCNL64.dll
0x00007ffd25980000 - 0x00007ffd25995000 	C:\Program Files\Java\jdk1.8.0_261\jre\bin\vcruntime140.dll
0x00007ffd194c0000 - 0x00007ffd1955b000 	C:\Program Files\Java\jdk1.8.0_261\jre\bin\msvcp140.dll
0x000000006e290000 - 0x000000006eafc000 	C:\Program Files\Java\jdk1.8.0_261\jre\bin\server\jvm.dll
0x0000021fae0a0000 - 0x0000021fae0a8000 	C:\Windows\System32\PSAPI.DLL
0x00007ffd16a90000 - 0x00007ffd16a99000 	C:\Windows\SYSTEM32\WSOCK32.dll
0x00007ffd353e0000 - 0x00007ffd35404000 	C:\Windows\SYSTEM32\WINMM.dll
0x00007ffd353b0000 - 0x00007ffd353dd000 	C:\Windows\SYSTEM32\WINMMBASE.dll
0x00007ffd39110000 - 0x00007ffd3915a000 	C:\Windows\System32\cfgmgr32.dll
0x00007ffd37ff0000 - 0x00007ffd38001000 	C:\Windows\System32\kernel.appcore.dll
0x00007ffd330e0000 - 0x00007ffd330f0000 	C:\Program Files\Java\jdk1.8.0_261\jre\bin\verify.dll
0x00007ffd251e0000 - 0x00007ffd2520b000 	C:\Program Files\Java\jdk1.8.0_261\jre\bin\java.dll
0x00007ffd30780000 - 0x00007ffd307b2000 	C:\Program Files\Java\jdk1.8.0_261\jre\bin\instrument.dll
0x00007ffd257e0000 - 0x00007ffd257f8000 	C:\Program Files\Java\jdk1.8.0_261\jre\bin\zip.dll
0x00007ffd365f0000 - 0x00007ffd367dd000 	C:\Windows\SYSTEM32\dbghelp.dll

VM Arguments:
jvm_args: -Dmaven.multiModuleProjectDirectory=C:\Users\Administrator\Desktop\AWS\개인과제\mileage_v0\mypage -Dmaven.home=C:\Program Files\JetBrains\IntelliJ IDEA Community Edition 2020.2.2\plugins\maven\lib\maven3 -Dclassworlds.conf=C:\Program Files\JetBrains\IntelliJ IDEA Community Edition 2020.2.2\plugins\maven\lib\maven3\bin\m2.conf -Dmaven.ext.class.path=C:\Program Files\JetBrains\IntelliJ IDEA Community Edition 2020.2.2\plugins\maven\lib\maven-event-listener.jar -javaagent:C:\Program Files\JetBrains\IntelliJ IDEA Community Edition 2020.2.2\lib\idea_rt.jar=58010:C:\Program Files\JetBrains\IntelliJ IDEA Community Edition 2020.2.2\bin -Dfile.encoding=UTF-8 
java_command: org.codehaus.classworlds.Launcher -Didea.version=2020.2.2 org.springframework.boot:spring-boot-maven-plugin:2.1.9.RELEASE:run
java_class_path (initial): C:\Program Files\JetBrains\IntelliJ IDEA Community Edition 2020.2.2\plugins\maven\lib\maven3\boot\plexus-classworlds-2.6.0.jar;C:\Program Files\JetBrains\IntelliJ IDEA Community Edition 2020.2.2\plugins\maven\lib\maven3\boot\plexus-classworlds.license;C:\Program Files\JetBrains\IntelliJ IDEA Community Edition 2020.2.2\lib\idea_rt.jar
Launcher Type: SUN_STANDARD

Environment Variables:
JAVA_HOME=C:\Program Files\Java\jdk1.8.0_261
PATH=C:\Program Files (x86)\Common Files\Oracle\Java\javapath;C:\Python\Python38-32\Scripts;C:\Program Files\Java\jdk1.8.0_261\bin;C:\Windows\SoftCamp\SDS;C:\Windows\SoftCamp\SDS\x64;C:\Windows\SoftCamp\SDK;C:\Windows\System32\wbem;C:\Windows\System32\;SysteRoot%;C:\Program Files\Git\cmd;C:\Python\Python38-32\Scripts\;C:\Python\Python38-32\;C:\Users\Administrator\AppData\Local\Microsoft\WindowsApps;C:\Program Files\Bandizip\;C:\Program Files\Java\jdk1.8.0_261\bin;C:\Windows\System32\wbem;
USERNAME=P068500
OS=Windows_NT
PROCESSOR_IDENTIFIER=Intel64 Family 6 Model 94 Stepping 3, GenuineIntel



---------------  S Y S T E M  ---------------

OS: Windows 10.0 , 64 bit Build 17763 (10.0.17763.475)

CPU:total 8 (initial active 8) (4 cores per cpu, 2 threads per core) family 6 model 94 stepping 3, cmov, cx8, fxsr, mmx, sse, sse2, sse3, ssse3, sse4.1, sse4.2, popcnt, avx, avx2, aes, clmul, erms, rtm, 3dnowpref, lzcnt, ht, tsc, tscinvbit, bmi1, bmi2, adx

Memory: 4k page, physical 8300300k(409400k free), swap 21100296k(4336k free)

vm_info: Java HotSpot(TM) 64-Bit Server VM (25.261-b12) for windows-amd64 JRE (1.8.0_261-b12), built on Jun 18 2020 06:56:32 by "" with unknown MS VC++:1916

time: Thu Oct 22 09:30:28 2020
timezone: ´eCN¹I±¹ C￥AØ½A
elapsed time: 0 seconds (0d 0h 0m 0s)

